build/app/intermediates/manifest_merge_blame_file/debug/manifest-merger-blame-debug-report.txt
1<?xml version="1.0" encoding="utf-8"?>
2<manifest xmlns:android="http://schemas.android.com/apk/res/android"
3    package="com.example.museum_app"
4    android:versionCode="1"
5    android:versionName="1.0.0" >
6
7    <uses-sdk
8        android:minSdkVersion="21"
9        android:targetSdkVersion="34" />
10    <!--
11         The INTERNET permission is required for development. Specifically,
12         the Flutter tool needs it to communicate with the running application
13         to allow setting breakpoints, to provide hot reload, etc.
14    -->
15    <uses-permission android:name="android.permission.INTERNET" />
15-->src\main\AndroidManifest.xml:4:5-67
15-->src\main\AndroidManifest.xml:4:22-64
16    <uses-permission android:name="android.permission.BLUETOOTH" />
16-->src\main\AndroidManifest.xml:5:5-68
16-->src\main\AndroidManifest.xml:5:22-65
17    <uses-permission android:name="android.permission.BLUETOOTH_SCAN" />
17-->src\main\AndroidManifest.xml:6:5-73
17-->src\main\AndroidManifest.xml:6:22-70
18    <uses-permission android:name="android.permission.BLUETOOTH_CONNECT" />
18-->src\main\AndroidManifest.xml:7:5-76
18-->src\main\AndroidManifest.xml:7:22-73
19    <uses-permission android:name="android.permission.BLUETOOTH_ADMIN" />
19-->src\main\AndroidManifest.xml:8:5-74
19-->src\main\AndroidManifest.xml:8:22-71
20    <uses-permission android:name="android.permission.ACCESS_COARSE_LOCATION" /> <!-- Queries для обработки различных схем -->
20-->src\main\AndroidManifest.xml:9:5-80
20-->src\main\AndroidManifest.xml:9:22-78
21    <queries>
21-->src\main\AndroidManifest.xml:45:5-79:15
22        <intent>
22-->src\main\AndroidManifest.xml:46:9-49:18
23            <action android:name="android.intent.action.PROCESS_TEXT" />
23-->src\main\AndroidManifest.xml:47:13-72
23-->src\main\AndroidManifest.xml:47:21-70
24
25            <data android:mimeType="text/plain" />
25-->src\main\AndroidManifest.xml:48:13-50
25-->src\main\AndroidManifest.xml:48:19-48
26        </intent>
27
28        <!-- Если ваше приложение проверяет поддержку SMS -->
29        <intent>
29-->src\main\AndroidManifest.xml:52:9-55:18
30            <action android:name="android.intent.action.VIEW" />
30-->src\main\AndroidManifest.xml:53:13-65
30-->src\main\AndroidManifest.xml:53:21-62
31
32            <data android:scheme="sms" />
32-->src\main\AndroidManifest.xml:48:13-50
33        </intent>
34
35        <!-- Если ваше приложение проверяет поддержку звонков -->
36        <intent>
36-->src\main\AndroidManifest.xml:58:9-61:18
37            <action android:name="android.intent.action.VIEW" />
37-->src\main\AndroidManifest.xml:53:13-65
37-->src\main\AndroidManifest.xml:53:21-62
38
39            <data android:scheme="tel" />
39-->src\main\AndroidManifest.xml:48:13-50
40        </intent>
41
42        <!-- Если ваше приложение проверяет поддержку InAppBrowserView -->
43        <intent>
43-->src\main\AndroidManifest.xml:64:9-66:18
44            <action android:name="android.support.customtabs.action.CustomTabsService" />
44-->src\main\AndroidManifest.xml:65:13-90
44-->src\main\AndroidManifest.xml:65:21-87
45        </intent>
46
47        <!-- Главный intent для вашего приложения -->
48        <intent>
48-->src\main\AndroidManifest.xml:69:9-72:18
49            <action android:name="android.intent.action.MAIN" />
49-->src\main\AndroidManifest.xml:70:13-65
49-->src\main\AndroidManifest.xml:70:21-62
50
51            <category android:name="android.intent.category.LAUNCHER" />
51-->src\main\AndroidManifest.xml:71:13-73
51-->src\main\AndroidManifest.xml:71:23-70
52        </intent>
53
54        <!-- Intent для обработки схемы 'mailto' -->
55        <intent>
55-->src\main\AndroidManifest.xml:75:9-78:18
56            <action android:name="android.intent.action.VIEW" />
56-->src\main\AndroidManifest.xml:53:13-65
56-->src\main\AndroidManifest.xml:53:21-62
57
58            <data android:scheme="mailto" />
58-->src\main\AndroidManifest.xml:48:13-50
59        </intent>
60    </queries> <!-- Although the *SdkVersion is captured in gradle build files, this is required for non gradle builds -->
61    <!-- <uses-sdk android:minSdkVersion="21" /> -->
62    <uses-permission android:name="android.permission.ACCESS_NETWORK_STATE" />
62-->[com.google.firebase:firebase-firestore:25.1.0] AndroidManifest.xml:10:5-79
62-->[com.google.firebase:firebase-firestore:25.1.0] AndroidManifest.xml:10:22-76
63
64    <permission
64-->[androidx.core:core:1.13.1] AndroidManifest.xml:22:5-24:47
65        android:name="com.example.museum_app.DYNAMIC_RECEIVER_NOT_EXPORTED_PERMISSION"
65-->[androidx.core:core:1.13.1] AndroidManifest.xml:23:9-81
66        android:protectionLevel="signature" />
66-->[androidx.core:core:1.13.1] AndroidManifest.xml:24:9-44
67
68    <uses-permission android:name="com.example.museum_app.DYNAMIC_RECEIVER_NOT_EXPORTED_PERMISSION" />
68-->[androidx.core:core:1.13.1] AndroidManifest.xml:26:5-97
68-->[androidx.core:core:1.13.1] AndroidManifest.xml:26:22-94
69
70    <application
71        android:name="android.app.Application"
72        android:appComponentFactory="androidx.core.app.CoreComponentFactory"
72-->[androidx.core:core:1.13.1] AndroidManifest.xml:28:18-86
73        android:debuggable="true"
74        android:icon="@mipmap/launcher_icon"
75        android:label="МузБинго"
76        android:requestLegacyExternalStorage="true"
77        android:usesCleartextTraffic="true" >
78        <activity
79            android:name="com.example.museum_app.MainActivity"
80            android:configChanges="orientation|keyboardHidden|keyboard|screenSize|smallestScreenSize|locale|layoutDirection|fontScale|screenLayout|density|uiMode"
81            android:exported="true"
82            android:hardwareAccelerated="true"
83            android:launchMode="singleTop"
84            android:theme="@style/LaunchTheme"
85            android:windowSoftInputMode="adjustResize" >
86            <meta-data
87                android:name="io.flutter.embedding.android.NormalTheme"
88                android:resource="@style/NormalTheme" />
89
90            <intent-filter>
91                <action android:name="android.intent.action.MAIN" />
91-->src\main\AndroidManifest.xml:70:13-65
91-->src\main\AndroidManifest.xml:70:21-62
92
93                <category android:name="android.intent.category.LAUNCHER" />
93-->src\main\AndroidManifest.xml:71:13-73
93-->src\main\AndroidManifest.xml:71:23-70
94            </intent-filter>
95        </activity>
96
97        <meta-data
98            android:name="flutterEmbedding"
99            android:value="2" />
100
101        <service
101-->[:cloud_firestore] AndroidManifest.xml:10:9-14:19
102            android:name="com.google.firebase.components.ComponentDiscoveryService"
102-->[:cloud_firestore] AndroidManifest.xml:10:18-89
103            android:directBootAware="true"
103-->[com.google.firebase:firebase-common:21.0.0] AndroidManifest.xml:32:13-43
104            android:exported="false" >
104-->[com.google.firebase:firebase-firestore:25.1.0] AndroidManifest.xml:16:13-37
105            <meta-data
105-->[:cloud_firestore] AndroidManifest.xml:11:13-13:85
106                android:name="com.google.firebase.components:io.flutter.plugins.firebase.firestore.FlutterFirebaseFirestoreRegistrar"
106-->[:cloud_firestore] AndroidManifest.xml:12:17-134
107                android:value="com.google.firebase.components.ComponentRegistrar" />
107-->[:cloud_firestore] AndroidManifest.xml:13:17-82
108            <meta-data
108-->[:firebase_core] AndroidManifest.xml:11:13-13:85
109                android:name="com.google.firebase.components:io.flutter.plugins.firebase.core.FlutterFirebaseCoreRegistrar"
109-->[:firebase_core] AndroidManifest.xml:12:17-124
110                android:value="com.google.firebase.components.ComponentRegistrar" />
110-->[:firebase_core] AndroidManifest.xml:13:17-82
111            <meta-data
111-->[com.google.firebase:firebase-firestore:25.1.0] AndroidManifest.xml:17:13-19:85
112                android:name="com.google.firebase.components:com.google.firebase.firestore.FirebaseFirestoreKtxRegistrar"
112-->[com.google.firebase:firebase-firestore:25.1.0] AndroidManifest.xml:18:17-122
113                android:value="com.google.firebase.components.ComponentRegistrar" />
113-->[com.google.firebase:firebase-firestore:25.1.0] AndroidManifest.xml:19:17-82
114            <meta-data
114-->[com.google.firebase:firebase-firestore:25.1.0] AndroidManifest.xml:20:13-22:85
115                android:name="com.google.firebase.components:com.google.firebase.firestore.FirestoreRegistrar"
115-->[com.google.firebase:firebase-firestore:25.1.0] AndroidManifest.xml:21:17-111
116                android:value="com.google.firebase.components.ComponentRegistrar" />
116-->[com.google.firebase:firebase-firestore:25.1.0] AndroidManifest.xml:22:17-82
117            <meta-data
117-->[com.google.firebase:firebase-common-ktx:21.0.0] AndroidManifest.xml:12:13-14:85
118                android:name="com.google.firebase.components:com.google.firebase.ktx.FirebaseCommonLegacyRegistrar"
118-->[com.google.firebase:firebase-common-ktx:21.0.0] AndroidManifest.xml:13:17-116
119                android:value="com.google.firebase.components.ComponentRegistrar" />
119-->[com.google.firebase:firebase-common-ktx:21.0.0] AndroidManifest.xml:14:17-82
120            <meta-data
120-->[com.google.firebase:firebase-common:21.0.0] AndroidManifest.xml:35:13-37:85
121                android:name="com.google.firebase.components:com.google.firebase.FirebaseCommonKtxRegistrar"
121-->[com.google.firebase:firebase-common:21.0.0] AndroidManifest.xml:36:17-109
122                android:value="com.google.firebase.components.ComponentRegistrar" />
122-->[com.google.firebase:firebase-common:21.0.0] AndroidManifest.xml:37:17-82
123        </service>
124
125        <provider
125-->[:image_picker_android] AndroidManifest.xml:11:9-19:20
126            android:name="io.flutter.plugins.imagepicker.ImagePickerFileProvider"
126-->[:image_picker_android] AndroidManifest.xml:12:13-82
127            android:authorities="com.example.museum_app.flutter.image_provider"
127-->[:image_picker_android] AndroidManifest.xml:13:13-74
128            android:exported="false"
128-->[:image_picker_android] AndroidManifest.xml:14:13-37
129            android:grantUriPermissions="true" >
129-->[:image_picker_android] AndroidManifest.xml:15:13-47
130            <meta-data
130-->[:image_picker_android] AndroidManifest.xml:16:13-18:75
131                android:name="android.support.FILE_PROVIDER_PATHS"
131-->[:image_picker_android] AndroidManifest.xml:17:17-67
132                android:resource="@xml/flutter_image_picker_file_paths" />
132-->[:image_picker_android] AndroidManifest.xml:18:17-72
133        </provider> <!-- Trigger Google Play services to install the backported photo picker module. -->
134        <service
134-->[:image_picker_android] AndroidManifest.xml:21:9-33:19
135            android:name="com.google.android.gms.metadata.ModuleDependencies"
135-->[:image_picker_android] AndroidManifest.xml:22:13-78
136            android:enabled="false"
136-->[:image_picker_android] AndroidManifest.xml:23:13-36
137            android:exported="false" >
137-->[:image_picker_android] AndroidManifest.xml:24:13-37
138            <intent-filter>
138-->[:image_picker_android] AndroidManifest.xml:26:13-28:29
139                <action android:name="com.google.android.gms.metadata.MODULE_DEPENDENCIES" />
139-->[:image_picker_android] AndroidManifest.xml:27:17-94
139-->[:image_picker_android] AndroidManifest.xml:27:25-91
140            </intent-filter>
141
142            <meta-data
142-->[:image_picker_android] AndroidManifest.xml:30:13-32:36
143                android:name="photopicker_activity:0:required"
143-->[:image_picker_android] AndroidManifest.xml:31:17-63
144                android:value="" />
144-->[:image_picker_android] AndroidManifest.xml:32:17-33
145        </service>
146
147        <activity
147-->[:url_launcher_android] AndroidManifest.xml:10:9-13:74
148            android:name="io.flutter.plugins.urllauncher.WebViewActivity"
148-->[:url_launcher_android] AndroidManifest.xml:11:13-74
149            android:exported="false"
149-->[:url_launcher_android] AndroidManifest.xml:12:13-37
150            android:theme="@android:style/Theme.NoTitleBar.Fullscreen" />
150-->[:url_launcher_android] AndroidManifest.xml:13:13-71
151
152        <provider
152-->[com.google.firebase:firebase-common:21.0.0] AndroidManifest.xml:23:9-28:39
153            android:name="com.google.firebase.provider.FirebaseInitProvider"
153-->[com.google.firebase:firebase-common:21.0.0] AndroidManifest.xml:24:13-77
154            android:authorities="com.example.museum_app.firebaseinitprovider"
154-->[com.google.firebase:firebase-common:21.0.0] AndroidManifest.xml:25:13-72
155            android:directBootAware="true"
155-->[com.google.firebase:firebase-common:21.0.0] AndroidManifest.xml:26:13-43
156            android:exported="false"
156-->[com.google.firebase:firebase-common:21.0.0] AndroidManifest.xml:27:13-37
157            android:initOrder="100" />
157-->[com.google.firebase:firebase-common:21.0.0] AndroidManifest.xml:28:13-36
158
159        <uses-library
159-->[androidx.window:window:1.0.0-beta04] AndroidManifest.xml:25:9-27:40
160            android:name="androidx.window.extensions"
160-->[androidx.window:window:1.0.0-beta04] AndroidManifest.xml:26:13-54
161            android:required="false" />
161-->[androidx.window:window:1.0.0-beta04] AndroidManifest.xml:27:13-37
162        <uses-library
162-->[androidx.window:window:1.0.0-beta04] AndroidManifest.xml:28:9-30:40
163            android:name="androidx.window.sidecar"
163-->[androidx.window:window:1.0.0-beta04] AndroidManifest.xml:29:13-51
164            android:required="false" />
164-->[androidx.window:window:1.0.0-beta04] AndroidManifest.xml:30:13-37
165
166        <activity
166-->[com.google.android.gms:play-services-base:18.0.1] AndroidManifest.xml:20:9-22:45
167            android:name="com.google.android.gms.common.api.GoogleApiActivity"
167-->[com.google.android.gms:play-services-base:18.0.1] AndroidManifest.xml:20:19-85
168            android:exported="false"
168-->[com.google.android.gms:play-services-base:18.0.1] AndroidManifest.xml:22:19-43
169            android:theme="@android:style/Theme.Translucent.NoTitleBar" />
169-->[com.google.android.gms:play-services-base:18.0.1] AndroidManifest.xml:21:19-78
170
171        <meta-data
171-->[com.google.android.gms:play-services-basement:18.3.0] AndroidManifest.xml:21:9-23:69
172            android:name="com.google.android.gms.version"
172-->[com.google.android.gms:play-services-basement:18.3.0] AndroidManifest.xml:22:13-58
173            android:value="@integer/google_play_services_version" />
173-->[com.google.android.gms:play-services-basement:18.3.0] AndroidManifest.xml:23:13-66
174
175        <provider
175-->[androidx.profileinstaller:profileinstaller:1.3.1] AndroidManifest.xml:24:9-32:20
176            android:name="androidx.startup.InitializationProvider"
176-->[androidx.profileinstaller:profileinstaller:1.3.1] AndroidManifest.xml:25:13-67
177            android:authorities="com.example.museum_app.androidx-startup"
177-->[androidx.profileinstaller:profileinstaller:1.3.1] AndroidManifest.xml:26:13-68
178            android:exported="false" >
178-->[androidx.profileinstaller:profileinstaller:1.3.1] AndroidManifest.xml:27:13-37
179            <meta-data
179-->[androidx.profileinstaller:profileinstaller:1.3.1] AndroidManifest.xml:29:13-31:52
180                android:name="androidx.profileinstaller.ProfileInstallerInitializer"
180-->[androidx.profileinstaller:profileinstaller:1.3.1] AndroidManifest.xml:30:17-85
181                android:value="androidx.startup" />
181-->[androidx.profileinstaller:profileinstaller:1.3.1] AndroidManifest.xml:31:17-49
182        </provider>
183
184        <receiver
184-->[androidx.profileinstaller:profileinstaller:1.3.1] AndroidManifest.xml:34:9-52:20
185            android:name="androidx.profileinstaller.ProfileInstallReceiver"
185-->[androidx.profileinstaller:profileinstaller:1.3.1] AndroidManifest.xml:35:13-76
186            android:directBootAware="false"
186-->[androidx.profileinstaller:profileinstaller:1.3.1] AndroidManifest.xml:36:13-44
187            android:enabled="true"
187-->[androidx.profileinstaller:profileinstaller:1.3.1] AndroidManifest.xml:37:13-35
188            android:exported="true"
188-->[androidx.profileinstaller:profileinstaller:1.3.1] AndroidManifest.xml:38:13-36
189            android:permission="android.permission.DUMP" >
189-->[androidx.profileinstaller:profileinstaller:1.3.1] AndroidManifest.xml:39:13-57
190            <intent-filter>
190-->[androidx.profileinstaller:profileinstaller:1.3.1] AndroidManifest.xml:40:13-42:29
191                <action android:name="androidx.profileinstaller.action.INSTALL_PROFILE" />
191-->[androidx.profileinstaller:profileinstaller:1.3.1] AndroidManifest.xml:41:17-91
191-->[androidx.profileinstaller:profileinstaller:1.3.1] AndroidManifest.xml:41:25-88
192            </intent-filter>
193            <intent-filter>
193-->[androidx.profileinstaller:profileinstaller:1.3.1] AndroidManifest.xml:43:13-45:29
194                <action android:name="androidx.profileinstaller.action.SKIP_FILE" />
194-->[androidx.profileinstaller:profileinstaller:1.3.1] AndroidManifest.xml:44:17-85
194-->[androidx.profileinstaller:profileinstaller:1.3.1] AndroidManifest.xml:44:25-82
195            </intent-filter>
196            <intent-filter>
196-->[androidx.profileinstaller:profileinstaller:1.3.1] AndroidManifest.xml:46:13-48:29
197                <action android:name="androidx.profileinstaller.action.SAVE_PROFILE" />
197-->[androidx.profileinstaller:profileinstaller:1.3.1] AndroidManifest.xml:47:17-88
197-->[androidx.profileinstaller:profileinstaller:1.3.1] AndroidManifest.xml:47:25-85
198            </intent-filter>
199            <intent-filter>
199-->[androidx.profileinstaller:profileinstaller:1.3.1] AndroidManifest.xml:49:13-51:29
200                <action android:name="androidx.profileinstaller.action.BENCHMARK_OPERATION" />
200-->[androidx.profileinstaller:profileinstaller:1.3.1] AndroidManifest.xml:50:17-95
200-->[androidx.profileinstaller:profileinstaller:1.3.1] AndroidManifest.xml:50:25-92
201            </intent-filter>
202        </receiver>
203    </application>
204
205</manifest>